<?xml version="1.0" encoding="UTF-8"?>
<!-- Generated by org.testng.reporters.JUnitXMLReporter -->
<testsuite ignored="0" hostname="DESKTOP-73NPAR6" failures="0" tests="4" name="Test" time="28.69" errors="0" timestamp="2020-12-23T11:59:35 IST">
  <testcase classname="projectSelenium.Activity1" name="f" time="0.016"/>
  <testcase classname="projectSelenium.Activity2" name="f" time="0.001"/>
  <testcase classname="projectSelenium.Activity3" name="f" time="0.057"/>
  <testcase classname="projectSelenium.Activity4" name="f" time="0.066"/>
</testsuite> <!-- Test -->
