<?xml version="1.0" encoding="UTF-8"?>
<testng-results ignored="0" total="1" passed="1" failed="0" skipped="0">
  <reporter-output>
  </reporter-output>
  <suite started-at="2020-12-23T21:06:36 IST" name="Default suite" finished-at="2020-12-23T21:06:46 IST" duration-ms="9357">
    <groups>
    </groups>
    <test started-at="2020-12-23T21:06:36 IST" name="Default test" finished-at="2020-12-23T21:06:46 IST" duration-ms="9357">
      <class name="projectSelenium.Activity6">
        <test-method is-config="true" signature="beforeClass()[pri:0, instance:projectSelenium.Activity6@482bce4f]" started-at="2020-12-23T21:06:36 IST" name="beforeClass" finished-at="2020-12-23T21:06:42 IST" duration-ms="5571" status="PASS">
          <reporter-output>
          </reporter-output>
        </test-method> <!-- beforeClass -->
        <test-method signature="f()[pri:0, instance:projectSelenium.Activity6@482bce4f]" started-at="2020-12-23T21:06:42 IST" name="f" finished-at="2020-12-23T21:06:44 IST" duration-ms="2537" status="PASS">
          <reporter-output>
          </reporter-output>
        </test-method> <!-- f -->
        <test-method is-config="true" signature="afterClass()[pri:0, instance:projectSelenium.Activity6@482bce4f]" started-at="2020-12-23T21:06:44 IST" name="afterClass" finished-at="2020-12-23T21:06:46 IST" duration-ms="1206" status="PASS">
          <reporter-output>
          </reporter-output>
        </test-method> <!-- afterClass -->
      </class> <!-- projectSelenium.Activity6 -->
    </test> <!-- Default test -->
  </suite> <!-- Default suite -->
</testng-results>
