<?xml version="1.0" encoding="UTF-8"?>
<testng-results ignored="0" total="1" passed="1" failed="0" skipped="0">
  <reporter-output>
  </reporter-output>
  <suite started-at="2020-12-26T21:23:34 IST" name="Default suite" finished-at="2020-12-26T21:23:48 IST" duration-ms="14571">
    <groups>
    </groups>
    <test started-at="2020-12-26T21:23:34 IST" name="Default test" finished-at="2020-12-26T21:23:48 IST" duration-ms="14571">
      <class name="projectSelenium.Activity9">
        <test-method is-config="true" signature="beforeClass()[pri:0, instance:projectSelenium.Activity9@482bce4f]" started-at="2020-12-26T21:23:34 IST" name="beforeClass" finished-at="2020-12-26T21:23:40 IST" duration-ms="6336" status="PASS">
          <reporter-output>
          </reporter-output>
        </test-method> <!-- beforeClass -->
        <test-method signature="f()[pri:0, instance:projectSelenium.Activity9@482bce4f]" started-at="2020-12-26T21:23:40 IST" name="f" finished-at="2020-12-26T21:23:48 IST" duration-ms="8186" status="PASS">
          <reporter-output>
          </reporter-output>
        </test-method> <!-- f -->
        <test-method is-config="true" signature="afterClass()[pri:0, instance:projectSelenium.Activity9@482bce4f]" started-at="2020-12-26T21:23:48 IST" name="afterClass" finished-at="2020-12-26T21:23:48 IST" duration-ms="0" status="PASS">
          <reporter-output>
          </reporter-output>
        </test-method> <!-- afterClass -->
      </class> <!-- projectSelenium.Activity9 -->
    </test> <!-- Default test -->
  </suite> <!-- Default suite -->
</testng-results>
